!SESSION 2024-06-06 09:36:38.784 -----------------------------------------------
eclipse.buildId=4.31.0.20240307-1200
java.version=19.0.2
java.vendor=Oracle Corporation
BootLoader constants: OS=win32, ARCH=x86_64, WS=win32, NL=de_DE
Framework arguments:  -product org.eclipse.epp.package.jee.product
Command-line arguments:  -product org.eclipse.epp.package.jee.product -data C:\Users\HansK\Desktop\sf beleg/../runtime-EclipseApplication -dev file:C:/Users/HansK/Desktop/sf beleg/.metadata/.plugins/org.eclipse.pde.core/Eclipse Application/dev.properties -os win32 -ws win32 -arch x86_64 -consoleLog

!ENTRY org.eclipse.eclemma.core 4 0 2024-06-06 09:36:43.676
!MESSAGE FrameworkEvent ERROR
!STACK 0
org.osgi.framework.BundleException: Could not resolve module: org.eclipse.eclemma.core [340]
  Unresolved requirement: Require-Bundle: org.jacoco.agent; bundle-version="[0.8.11,0.8.12)"
    -> Bundle-SymbolicName: org.jacoco.agent; bundle-version="0.8.11.202310140853"
       org.jacoco.agent [1067]
         No resolution report for the bundle.  Unresolved requirement: Require-Bundle: org.jacoco.report; bundle-version="[0.8.11,0.8.12)"
    -> Bundle-SymbolicName: org.jacoco.report; bundle-version="0.8.11.202310140853"
       org.jacoco.report [1069]
         Unresolved requirement: Import-Package: org.jacoco.core.data; version="[0.8.11,0.8.12)"
           -> Export-Package: org.jacoco.core.data; bundle-symbolic-name="org.jacoco.core"; bundle-version="0.8.11.202310140853"; version="0.8.11"; uses:="org.jacoco.core.internal.data"
              org.jacoco.core [1068]
                Unresolved requirement: Import-Package: org.objectweb.asm.tree; version="[9.6.0,9.7.0)"
                  -> Export-Package: org.objectweb.asm.tree; bundle-symbolic-name="org.objectweb.asm.tree"; bundle-version="9.6.0"; version="9.6.0"; uses:="org.objectweb.asm,org.objectweb.asm.signature"
                     org.objectweb.asm.tree [1082]
                       Unresolved requirement: Import-Package: org.objectweb.asm; version="9.6.0"
                         -> Export-Package: org.objectweb.asm; bundle-symbolic-name="org.objectweb.asm"; bundle-version="9.6.0"; version="9.6.0"
                            org.objectweb.asm [1080]
                              No resolution report for the bundle.                       Unresolved requirement: Import-Package: org.objectweb.asm.signature; version="9.6.0"
                         -> Export-Package: org.objectweb.asm.signature; bundle-symbolic-name="org.objectweb.asm"; bundle-version="9.6.0"; version="9.6.0"
                Unresolved requirement: Import-Package: org.objectweb.asm; version="[9.6.0,9.7.0)"
                  -> Export-Package: org.objectweb.asm; bundle-symbolic-name="org.objectweb.asm"; bundle-version="9.6.0"; version="9.6.0"
         Unresolved requirement: Import-Package: org.jacoco.core.analysis; version="[0.8.11,0.8.12)"
           -> Export-Package: org.jacoco.core.analysis; bundle-symbolic-name="org.jacoco.core"; bundle-version="0.8.11.202310140853"; version="0.8.11"; uses:="org.jacoco.core.data,org.jacoco.core.internal.analysis"
         Unresolved requirement: Import-Package: org.jacoco.core; version="[0.8.11,0.8.12)"
           -> Export-Package: org.jacoco.core; bundle-symbolic-name="org.jacoco.core"; bundle-version="0.8.11.202310140853"; version="0.8.11"
         Unresolved requirement: Import-Package: org.jacoco.core.runtime; version="[0.8.11,0.8.12)"
           -> Export-Package: org.jacoco.core.runtime; bundle-symbolic-name="org.jacoco.core"; bundle-version="0.8.11.202310140853"; version="0.8.11"; uses:="org.jacoco.core.data,org.objectweb.asm"
         Unresolved requirement: Import-Package: org.objectweb.asm; version="[9.6.0,9.7.0)"
           -> Export-Package: org.objectweb.asm; bundle-symbolic-name="org.objectweb.asm"; bundle-version="9.6.0"; version="9.6.0"
  Unresolved requirement: Require-Bundle: org.jacoco.core; bundle-version="[0.8.11,0.8.12)"
    -> Bundle-SymbolicName: org.jacoco.core; bundle-version="0.8.11.202310140853"
  Bundle was not resolved because of a uses constraint violation.
  org.apache.felix.resolver.reason.ReasonException: Uses constraint violation. Unable to resolve resource org.jacoco.core [osgi.identity; type="osgi.bundle"; version:Version="0.8.11.202310140853"; osgi.identity="org.jacoco.core"] because it is exposed to package 'org.objectweb.asm' from resources org.objectweb.asm [osgi.identity; type="osgi.bundle"; version:Version="9.6.0"; osgi.identity="org.objectweb.asm"] and org.objectweb.asm [osgi.identity; type="osgi.bundle"; version:Version="9.7.0"; osgi.identity="org.objectweb.asm"] via two dependency chains.

Chain 1:
  org.jacoco.core [osgi.identity; type="osgi.bundle"; version:Version="0.8.11.202310140853"; osgi.identity="org.jacoco.core"]
    import: (&(osgi.wiring.package=org.objectweb.asm)(&(version>=9.6.0)(!(version>=9.7.0))))
     |
    export: osgi.wiring.package: org.objectweb.asm
  org.objectweb.asm [osgi.identity; type="osgi.bundle"; version:Version="9.6.0"; osgi.identity="org.objectweb.asm"]

Chain 2:
  org.jacoco.core [osgi.identity; type="osgi.bundle"; version:Version="0.8.11.202310140853"; osgi.identity="org.jacoco.core"]
    import: (&(osgi.wiring.package=org.objectweb.asm.commons)(&(version>=9.6.0)(!(version>=9.7.0))))
     |
    export: osgi.wiring.package=org.objectweb.asm.commons; uses:=org.objectweb.asm
  org.objectweb.asm.commons [osgi.identity; type="osgi.bundle"; version:Version="9.6.0"; osgi.identity="org.objectweb.asm.commons"]
    import: (&(osgi.wiring.package=org.objectweb.asm)(version>=9.6.0))
     |
    export: osgi.wiring.package: org.objectweb.asm
  org.objectweb.asm [osgi.identity; type="osgi.bundle"; version:Version="9.7.0"; osgi.identity="org.objectweb.asm"]
	at org.eclipse.osgi.container.Module.start(Module.java:493)
	at org.eclipse.osgi.container.ModuleContainer$ContainerStartLevel$2.run(ModuleContainer.java:2073)
	at org.eclipse.osgi.internal.framework.EquinoxContainerAdaptor$1$1.execute(EquinoxContainerAdaptor.java:143)
	at org.eclipse.osgi.container.ModuleContainer$ContainerStartLevel.incStartLevel(ModuleContainer.java:2064)
	at org.eclipse.osgi.container.ModuleContainer$ContainerStartLevel.incStartLevel(ModuleContainer.java:2004)
	at org.eclipse.osgi.container.ModuleContainer$ContainerStartLevel.doContainerStartLevel(ModuleContainer.java:1967)
	at org.eclipse.osgi.container.ModuleContainer$ContainerStartLevel.dispatchEvent(ModuleContainer.java:1883)
	at org.eclipse.osgi.container.ModuleContainer$ContainerStartLevel.dispatchEvent(ModuleContainer.java:1)
	at org.eclipse.osgi.framework.eventmgr.EventManager.dispatchEvent(EventManager.java:230)
	at org.eclipse.osgi.framework.eventmgr.EventManager$EventThread.run(EventManager.java:341)

!ENTRY org.eclipse.eclemma.ui 4 0 2024-06-06 09:36:43.713
!MESSAGE FrameworkEvent ERROR
!STACK 0
org.osgi.framework.BundleException: Could not resolve module: org.eclipse.eclemma.ui [342]
  Unresolved requirement: Require-Bundle: org.eclipse.eclemma.core
    -> Bundle-SymbolicName: org.eclipse.eclemma.core; bundle-version="3.1.8.202312121452"; singleton:="true"
       org.eclipse.eclemma.core [340]
         Unresolved requirement: Require-Bundle: org.jacoco.agent; bundle-version="[0.8.11,0.8.12)"
           -> Bundle-SymbolicName: org.jacoco.agent; bundle-version="0.8.11.202310140853"
              org.jacoco.agent [1067]
                No resolution report for the bundle.         Unresolved requirement: Require-Bundle: org.jacoco.report; bundle-version="[0.8.11,0.8.12)"
           -> Bundle-SymbolicName: org.jacoco.report; bundle-version="0.8.11.202310140853"
              org.jacoco.report [1069]
                Unresolved requirement: Import-Package: org.jacoco.core.data; version="[0.8.11,0.8.12)"
                  -> Export-Package: org.jacoco.core.data; bundle-symbolic-name="org.jacoco.core"; bundle-version="0.8.11.202310140853"; version="0.8.11"; uses:="org.jacoco.core.internal.data"
                     org.jacoco.core [1068]
                       Unresolved requirement: Import-Package: org.objectweb.asm.tree; version="[9.6.0,9.7.0)"
                         -> Export-Package: org.objectweb.asm.tree; bundle-symbolic-name="org.objectweb.asm.tree"; bundle-version="9.6.0"; version="9.6.0"; uses:="org.objectweb.asm,org.objectweb.asm.signature"
                            org.objectweb.asm.tree [1082]
                              Unresolved requirement: Import-Package: org.objectweb.asm; version="9.6.0"
                                -> Export-Package: org.objectweb.asm; bundle-symbolic-name="org.objectweb.asm"; bundle-version="9.6.0"; version="9.6.0"
                                   org.objectweb.asm [1080]
                                     No resolution report for the bundle.                              Unresolved requirement: Import-Package: org.objectweb.asm.signature; version="9.6.0"
                                -> Export-Package: org.objectweb.asm.signature; bundle-symbolic-name="org.objectweb.asm"; bundle-version="9.6.0"; version="9.6.0"
                       Unresolved requirement: Import-Package: org.objectweb.asm; version="[9.6.0,9.7.0)"
                         -> Export-Package: org.objectweb.asm; bundle-symbolic-name="org.objectweb.asm"; bundle-version="9.6.0"; version="9.6.0"
                Unresolved requirement: Import-Package: org.jacoco.core.analysis; version="[0.8.11,0.8.12)"
                  -> Export-Package: org.jacoco.core.analysis; bundle-symbolic-name="org.jacoco.core"; bundle-version="0.8.11.202310140853"; version="0.8.11"; uses:="org.jacoco.core.data,org.jacoco.core.internal.analysis"
                Unresolved requirement: Import-Package: org.jacoco.core; version="[0.8.11,0.8.12)"
                  -> Export-Package: org.jacoco.core; bundle-symbolic-name="org.jacoco.core"; bundle-version="0.8.11.202310140853"; version="0.8.11"
                Unresolved requirement: Import-Package: org.jacoco.core.runtime; version="[0.8.11,0.8.12)"
                  -> Export-Package: org.jacoco.core.runtime; bundle-symbolic-name="org.jacoco.core"; bundle-version="0.8.11.202310140853"; version="0.8.11"; uses:="org.jacoco.core.data,org.objectweb.asm"
                Unresolved requirement: Import-Package: org.objectweb.asm; version="[9.6.0,9.7.0)"
                  -> Export-Package: org.objectweb.asm; bundle-symbolic-name="org.objectweb.asm"; bundle-version="9.6.0"; version="9.6.0"
         Unresolved requirement: Require-Bundle: org.jacoco.core; bundle-version="[0.8.11,0.8.12)"
           -> Bundle-SymbolicName: org.jacoco.core; bundle-version="0.8.11.202310140853"
  Unresolved requirement: Require-Bundle: org.jacoco.core; bundle-version="[0.8.11,0.8.12)"
    -> Bundle-SymbolicName: org.jacoco.core; bundle-version="0.8.11.202310140853"
  Bundle was not resolved because of a uses constraint violation.
  org.apache.felix.resolver.reason.ReasonException: Uses constraint violation. Unable to resolve resource org.jacoco.core [osgi.identity; type="osgi.bundle"; version:Version="0.8.11.202310140853"; osgi.identity="org.jacoco.core"] because it is exposed to package 'org.objectweb.asm' from resources org.objectweb.asm [osgi.identity; type="osgi.bundle"; version:Version="9.6.0"; osgi.identity="org.objectweb.asm"] and org.objectweb.asm [osgi.identity; type="osgi.bundle"; version:Version="9.7.0"; osgi.identity="org.objectweb.asm"] via two dependency chains.

Chain 1:
  org.jacoco.core [osgi.identity; type="osgi.bundle"; version:Version="0.8.11.202310140853"; osgi.identity="org.jacoco.core"]
    import: (&(osgi.wiring.package=org.objectweb.asm)(&(version>=9.6.0)(!(version>=9.7.0))))
     |
    export: osgi.wiring.package: org.objectweb.asm
  org.objectweb.asm [osgi.identity; type="osgi.bundle"; version:Version="9.6.0"; osgi.identity="org.objectweb.asm"]

Chain 2:
  org.jacoco.core [osgi.identity; type="osgi.bundle"; version:Version="0.8.11.202310140853"; osgi.identity="org.jacoco.core"]
    import: (&(osgi.wiring.package=org.objectweb.asm.commons)(&(version>=9.6.0)(!(version>=9.7.0))))
     |
    export: osgi.wiring.package=org.objectweb.asm.commons; uses:=org.objectweb.asm
  org.objectweb.asm.commons [osgi.identity; type="osgi.bundle"; version:Version="9.6.0"; osgi.identity="org.objectweb.asm.commons"]
    import: (&(osgi.wiring.package=org.objectweb.asm)(version>=9.6.0))
     |
    export: osgi.wiring.package: org.objectweb.asm
  org.objectweb.asm [osgi.identity; type="osgi.bundle"; version:Version="9.7.0"; osgi.identity="org.objectweb.asm"]
	at org.eclipse.osgi.container.Module.start(Module.java:493)
	at org.eclipse.osgi.container.ModuleContainer$ContainerStartLevel$2.run(ModuleContainer.java:2073)
	at org.eclipse.osgi.internal.framework.EquinoxContainerAdaptor$1$1.execute(EquinoxContainerAdaptor.java:143)
	at org.eclipse.osgi.container.ModuleContainer$ContainerStartLevel.incStartLevel(ModuleContainer.java:2064)
	at org.eclipse.osgi.container.ModuleContainer$ContainerStartLevel.incStartLevel(ModuleContainer.java:2004)
	at org.eclipse.osgi.container.ModuleContainer$ContainerStartLevel.doContainerStartLevel(ModuleContainer.java:1967)
	at org.eclipse.osgi.container.ModuleContainer$ContainerStartLevel.dispatchEvent(ModuleContainer.java:1883)
	at org.eclipse.osgi.container.ModuleContainer$ContainerStartLevel.dispatchEvent(ModuleContainer.java:1)
	at org.eclipse.osgi.framework.eventmgr.EventManager.dispatchEvent(EventManager.java:230)
	at org.eclipse.osgi.framework.eventmgr.EventManager$EventThread.run(EventManager.java:341)

!ENTRY org.eclipse.emf.ecore 2 0 2024-06-06 09:36:44.630
!MESSAGE Both 'org.eclipse.jst.j2ee.core' and 'org.eclipse.jst.j2ee.core' register a package for 'application.xmi'
